[32minfo[39m: GET /users successful {"timestamp":"2020-03-21T20:20:02.811Z"}
[32minfo[39m: GET /users successful {"timestamp":"2020-03-21T20:20:03.325Z"}
[32minfo[39m: GET /users successful {"timestamp":"2020-03-21T21:24:18.399Z"}
[32minfo[39m: GET /users successful {"timestamp":"2020-03-21T21:24:18.882Z"}
[31merror[39m: The client API token is missing or incorrect {"timestamp":"2020-03-21T21:28:32.247Z"}
[31merror[39m: The client API token is missing or incorrect {"timestamp":"2020-03-21T21:29:06.485Z"}
[31merror[39m: The client API token is missing or incorrect {"timestamp":"2020-03-21T21:29:28.204Z"}
[31merror[39m: The client API token is missing or incorrect {"timestamp":"2020-03-21T21:29:41.197Z"}
[32minfo[39m: GET /users successful {"timestamp":"2020-03-21T21:30:22.969Z"}
[31merror[39m: The client API token is missing or incorrect {"timestamp":"2020-03-22T03:11:56.840Z"}
[31merror[39m: The client API token is missing or incorrect {"timestamp":"2020-03-22T03:11:57.381Z"}
[32minfo[39m: GET /users successful {"timestamp":"2020-03-22T03:12:58.995Z"}
[32minfo[39m: GET /users successful {"timestamp":"2020-03-22T03:12:59.524Z"}
[32minfo[39m: GET /users successful {"timestamp":"2020-03-22T03:14:05.335Z"}
[32minfo[39m: GET /users successful {"timestamp":"2020-03-22T03:14:05.863Z"}
[32minfo[39m: GET /users successful {"timestamp":"2020-03-22T03:14:53.419Z"}
[32minfo[39m: GET /users successful {"timestamp":"2020-03-22T03:14:53.955Z"}
[32minfo[39m: GET /users successful {"timestamp":"2020-03-22T03:16:16.205Z"}
[32minfo[39m: GET /users successful {"timestamp":"2020-03-22T03:16:16.732Z"}
[32minfo[39m: GET /users successful {"timestamp":"2020-03-22T03:17:24.906Z"}
[32minfo[39m: GET /users successful {"timestamp":"2020-03-22T03:17:25.413Z"}
[32minfo[39m: GET /users successful {"timestamp":"2020-03-22T03:23:03.067Z"}
[32minfo[39m: GET /users successful {"timestamp":"2020-03-22T03:23:03.711Z"}
[31merror[39m: POST ap/api/users -> missing 'undefined' in request body {"timestamp":"2020-03-22T03:23:03.844Z"}
[31merror[39m: POST ap/api/users -> missing 'undefined' in request body {"timestamp":"2020-03-22T03:23:03.940Z"}
[31merror[39m: POST ap/api/users -> missing 'undefined' in request body {"timestamp":"2020-03-22T03:23:04.026Z"}
[31merror[39m: POST ap/api/users -> missing 'undefined' in request body {"timestamp":"2020-03-22T03:23:04.125Z"}
[32minfo[39m: GET /users successful {"timestamp":"2020-03-22T03:25:47.384Z"}
[32minfo[39m: GET /users successful {"timestamp":"2020-03-22T03:25:47.976Z"}
[31merror[39m: POST ap/api/users -> missing 'undefined' in request body {"timestamp":"2020-03-22T03:25:48.104Z"}
[31merror[39m: POST ap/api/users -> missing 'Test' in request body {"timestamp":"2020-03-22T03:25:48.201Z"}
[31merror[39m: POST ap/api/users -> missing 'Test' in request body {"timestamp":"2020-03-22T03:25:48.292Z"}
[31merror[39m: POST ap/api/users -> missing 'Test' in request body {"timestamp":"2020-03-22T03:25:48.390Z"}
[32minfo[39m: GET /users successful {"timestamp":"2020-03-22T03:31:05.803Z"}
[32minfo[39m: GET /users successful {"timestamp":"2020-03-22T03:31:06.344Z"}
[31merror[39m: POST ap/api/users -> missing 'first_name' in request body {"timestamp":"2020-03-22T03:31:06.455Z"}
[31merror[39m: POST ap/api/users -> missing 'last_name' in request body {"timestamp":"2020-03-22T03:31:06.555Z"}
[31merror[39m: POST ap/api/users -> missing 'email' in request body {"timestamp":"2020-03-22T03:31:06.662Z"}
[31merror[39m: POST ap/api/users -> missing 'password' in request body {"timestamp":"2020-03-22T03:31:06.762Z"}
[32minfo[39m: GET /users successful {"timestamp":"2020-03-22T03:31:54.163Z"}
[32minfo[39m: GET /users successful {"timestamp":"2020-03-22T03:31:54.732Z"}
[31merror[39m: POST ap/api/users -> Registration missing 'first_name' in request body {"timestamp":"2020-03-22T03:31:54.847Z"}
[31merror[39m: POST ap/api/users -> Registration missing 'last_name' in request body {"timestamp":"2020-03-22T03:31:54.948Z"}
[31merror[39m: POST ap/api/users -> Registration missing 'email' in request body {"timestamp":"2020-03-22T03:31:55.028Z"}
[31merror[39m: POST ap/api/users -> Registration missing 'password' in request body {"timestamp":"2020-03-22T03:31:55.109Z"}
[32minfo[39m: GET /users successful {"timestamp":"2020-03-22T03:34:02.723Z"}
[32minfo[39m: GET /users successful {"timestamp":"2020-03-22T03:34:03.296Z"}
[31merror[39m: POST ap/api/users -> Registration missing 'firstName' in request body {"timestamp":"2020-03-22T03:34:03.428Z"}
[31merror[39m: POST ap/api/users -> Registration missing 'lastName' in request body {"timestamp":"2020-03-22T03:34:03.515Z"}
[31merror[39m: POST ap/api/users -> Registration missing 'email' in request body {"timestamp":"2020-03-22T03:34:03.616Z"}
[31merror[39m: POST ap/api/users -> Registration missing 'password' in request body {"timestamp":"2020-03-22T03:34:03.716Z"}
